{
  "uid" : "3c9842baa0272cd4",
  "name" : "test_guest_cant_see_success_message_after_adding_product_to_basket",
  "fullName" : "test_product_page.TestGuestAddToBasketFromProductPage#test_guest_cant_see_success_message_after_adding_product_to_basket",
  "historyId" : "5b9a004ad9b2db87f08fd640cbdb8932",
  "time" : {
    "start" : 1615647245240,
    "stop" : 1615647247699,
    "duration" : 2459
  },
  "status" : "skipped",
  "statusMessage" : "XFAIL\n\nAssertionError: Success message is presented, but should not be",
  "statusTrace" : "self = <module_5.test_product_page.TestGuestAddToBasketFromProductPage object at 0x0000015F02E0F220>, browser = <selenium.webdriver.chrome.webdriver.WebDriver (session=\"fdbf7a1cfbfbb2d539f4753fc83b2fd3\")>\n\n    @pytest.mark.xfail\n    def test_guest_cant_see_success_message_after_adding_product_to_basket(self, browser):\n        link = 'http://selenium1py.pythonanywhere.com/catalogue/coders-at-work_207'\n        page = ProductPage(browser, link)\n        page.open()\n        page.add_product_to_basket()\n>       page.should_not_be_success_message()\n\nmodule_5\\test_product_page.py:37: \n_ _ _ _ _ _ _ _ _ _ _ _ _ _ _ _ _ _ _ _ _ _ _ _ _ _ _ _ _ _ _ _ _ _ _ _ _ _ _ _ _ _ _ _ _ _ _ _ _ _ _ _ _ _ _ _ _ _ _ _ _ _ _ _ _ _ _ _ _ _ _ _ _ _ _ _ _ _ _ _ _ _ _ _ _ _ _ _ _ _ _ _ _ _ _ _ _ _ _ _ _ _ _ _ _ _ _ _ _ _ _ _ _ _ _ _\n\nself = <module_5.pages.product_page.ProductPage object at 0x0000015F02F1AAF0>\n\n    def should_not_be_success_message(self):\n>       assert self.is_not_element_present(*ProductPageLocators.SUCCESS_MESSAGE), \\\n            \"Success message is presented, but should not be\"\nE       AssertionError: Success message is presented, but should not be\n\nmodule_5\\pages\\product_page.py:24: AssertionError",
  "flaky" : false,
  "newFailed" : false,
  "beforeStages" : [ {
    "name" : "browser",
    "time" : {
      "start" : 1615647243693,
      "stop" : 1615647245239,
      "duration" : 1546
    },
    "status" : "passed",
    "steps" : [ ],
    "attachments" : [ ],
    "parameters" : [ ],
    "attachmentsCount" : 0,
    "shouldDisplayMessage" : false,
    "hasContent" : false,
    "stepsCount" : 0
  } ],
  "testStage" : {
    "status" : "skipped",
    "statusMessage" : "XFAIL\n\nAssertionError: Success message is presented, but should not be",
    "statusTrace" : "self = <module_5.test_product_page.TestGuestAddToBasketFromProductPage object at 0x0000015F02E0F220>, browser = <selenium.webdriver.chrome.webdriver.WebDriver (session=\"fdbf7a1cfbfbb2d539f4753fc83b2fd3\")>\n\n    @pytest.mark.xfail\n    def test_guest_cant_see_success_message_after_adding_product_to_basket(self, browser):\n        link = 'http://selenium1py.pythonanywhere.com/catalogue/coders-at-work_207'\n        page = ProductPage(browser, link)\n        page.open()\n        page.add_product_to_basket()\n>       page.should_not_be_success_message()\n\nmodule_5\\test_product_page.py:37: \n_ _ _ _ _ _ _ _ _ _ _ _ _ _ _ _ _ _ _ _ _ _ _ _ _ _ _ _ _ _ _ _ _ _ _ _ _ _ _ _ _ _ _ _ _ _ _ _ _ _ _ _ _ _ _ _ _ _ _ _ _ _ _ _ _ _ _ _ _ _ _ _ _ _ _ _ _ _ _ _ _ _ _ _ _ _ _ _ _ _ _ _ _ _ _ _ _ _ _ _ _ _ _ _ _ _ _ _ _ _ _ _ _ _ _ _\n\nself = <module_5.pages.product_page.ProductPage object at 0x0000015F02F1AAF0>\n\n    def should_not_be_success_message(self):\n>       assert self.is_not_element_present(*ProductPageLocators.SUCCESS_MESSAGE), \\\n            \"Success message is presented, but should not be\"\nE       AssertionError: Success message is presented, but should not be\n\nmodule_5\\pages\\product_page.py:24: AssertionError",
    "steps" : [ ],
    "attachments" : [ {
      "uid" : "d7b0ca7ca857d857",
      "name" : "stdout",
      "source" : "d7b0ca7ca857d857.txt",
      "type" : "text/plain",
      "size" : 49
    } ],
    "parameters" : [ ],
    "attachmentsCount" : 1,
    "shouldDisplayMessage" : true,
    "hasContent" : true,
    "stepsCount" : 0
  },
  "afterStages" : [ {
    "name" : "browser::0",
    "time" : {
      "start" : 1615647247705,
      "stop" : 1615647249860,
      "duration" : 2155
    },
    "status" : "passed",
    "steps" : [ ],
    "attachments" : [ ],
    "parameters" : [ ],
    "attachmentsCount" : 0,
    "shouldDisplayMessage" : false,
    "hasContent" : false,
    "stepsCount" : 0
  } ],
  "labels" : [ {
    "name" : "tag",
    "value" : "@pytest.mark.xfail"
  }, {
    "name" : "suite",
    "value" : "test_product_page"
  }, {
    "name" : "subSuite",
    "value" : "TestGuestAddToBasketFromProductPage"
  }, {
    "name" : "host",
    "value" : "LAPTOP-T4NR0MBK"
  }, {
    "name" : "thread",
    "value" : "17536-MainThread"
  }, {
    "name" : "framework",
    "value" : "pytest"
  }, {
    "name" : "language",
    "value" : "cpython3"
  }, {
    "name" : "package",
    "value" : "test_product_page"
  }, {
    "name" : "resultFormat",
    "value" : "allure2"
  } ],
  "parameters" : [ ],
  "links" : [ ],
  "hidden" : false,
  "retry" : false,
  "extra" : {
    "severity" : "normal",
    "retries" : [ ],
    "categories" : [ ],
    "tags" : [ "@pytest.mark.xfail" ]
  },
  "source" : "3c9842baa0272cd4.json",
  "parameterValues" : [ ]
}